Using pre-set license
Built from '2020.3/staging' branch; Version is '2020.3.17f1 (a4537701e4ab) revision 10769271'; Using compiler version '192528614'; Build Type 'Release'
OS: 'Windows 10 Home; OS build 22000.318; Version 2009; 64bit' Language: 'en' Physical Memory: 16291 MB
BatchMode: 1, IsHumanControllingUs: 0, StartBugReporterOnCrash: 0, Is64bit: 1, IsPro: 0

COMMAND LINE ARGUMENTS:
C:\Program Files\Unity\Hub\Editor\2020.3.17f1\Editor\Unity.exe
-adb2
-batchMode
-noUpm
-name
AssetImportWorker0
-projectPath
C:/Users/mosta/Documents/GitHub/Quiz-Master/Quiz Master
-logFile
Logs/AssetImportWorker0.log
-srvPort
53607
Successfully changed project path to: C:/Users/mosta/Documents/GitHub/Quiz-Master/Quiz Master
C:/Users/mosta/Documents/GitHub/Quiz-Master/Quiz Master
Using Asset Import Pipeline V2.
Refreshing native plugins compatible for Editor in 57.33 ms, found 3 plugins.
Preloading 0 native plugins for Editor in 0.00 ms.
Initialize engine version: 2020.3.17f1 (a4537701e4ab)
[Subsystems] Discovering subsystems at path C:/Program Files/Unity/Hub/Editor/2020.3.17f1/Editor/Data/Resources/UnitySubsystems
[Subsystems] Discovering subsystems at path C:/Users/mosta/Documents/GitHub/Quiz-Master/Quiz Master/Assets
GfxDevice: creating device client; threaded=0
Direct3D:
    Version:  Direct3D 11.0 [level 11.1]
    Renderer: NVIDIA GeForce RTX 2060 (ID=0x1f15)
    Vendor:   
    VRAM:     5980 MB
    Driver:   27.21.14.6677
Initialize mono
Mono path[0] = 'C:/Program Files/Unity/Hub/Editor/2020.3.17f1/Editor/Data/Managed'
Mono path[1] = 'C:/Program Files/Unity/Hub/Editor/2020.3.17f1/Editor/Data/MonoBleedingEdge/lib/mono/unityjit'
Mono config path = 'C:/Program Files/Unity/Hub/Editor/2020.3.17f1/Editor/Data/MonoBleedingEdge/etc'
Using monoOptions --debugger-agent=transport=dt_socket,embedding=1,server=y,suspend=n,address=127.0.0.1:56356
Begin MonoManager ReloadAssembly
Registering precompiled unity dll's ...
Register platform support module: C:/Program Files/Unity/Hub/Editor/2020.3.17f1/Editor/Data/PlaybackEngines/WindowsStandaloneSupport/UnityEditor.WindowsStandalone.Extensions.dll
Registered in 0.001810 seconds.
Native extension for WindowsStandalone target not found
Refreshing native plugins compatible for Editor in 56.36 ms, found 3 plugins.
Preloading 0 native plugins for Editor in 0.00 ms.
Mono: successfully reloaded assembly
- Completed reload, in  2.950 seconds
Domain Reload Profiling:
	ReloadAssembly (2950ms)
		BeginReloadAssembly (69ms)
			ExecutionOrderSort (0ms)
			DisableScriptedObjects (0ms)
			BackupInstance (0ms)
			ReleaseScriptingObjects (0ms)
			CreateAndSetChildDomain (1ms)
		EndReloadAssembly (577ms)
			LoadAssemblies (66ms)
			RebuildTransferFunctionScriptingTraits (0ms)
			SetupTypeCache (199ms)
			ReleaseScriptCaches (0ms)
			RebuildScriptCaches (49ms)
			SetupLoadedEditorAssemblies (232ms)
				LogAssemblyErrors (0ms)
				InitializePlatformSupportModulesInManaged (6ms)
				SetLoadedEditorAssemblies (0ms)
				RefreshPlugins (56ms)
				BeforeProcessingInitializeOnLoad (18ms)
				ProcessInitializeOnLoadAttributes (113ms)
				ProcessInitializeOnLoadMethodAttributes (39ms)
				AfterProcessingInitializeOnLoad (0ms)
				EditorAssembliesLoaded (0ms)
			ExecutionOrderSort2 (0ms)
			AwakeInstancesAfterBackupRestoration (0ms)
Platform modules already initialized, skipping
Registering precompiled user dll's ...
Registered in 0.004694 seconds.
Begin MonoManager ReloadAssembly
Native extension for WindowsStandalone target not found
Refreshing native plugins compatible for Editor in 56.14 ms, found 3 plugins.
Preloading 0 native plugins for Editor in 0.00 ms.
Mono: successfully reloaded assembly
- Completed reload, in  1.659 seconds
Domain Reload Profiling:
	ReloadAssembly (1660ms)
		BeginReloadAssembly (191ms)
			ExecutionOrderSort (0ms)
			DisableScriptedObjects (7ms)
			BackupInstance (0ms)
			ReleaseScriptingObjects (0ms)
			CreateAndSetChildDomain (23ms)
		EndReloadAssembly (1389ms)
			LoadAssemblies (112ms)
			RebuildTransferFunctionScriptingTraits (0ms)
			SetupTypeCache (399ms)
			ReleaseScriptCaches (1ms)
			RebuildScriptCaches (78ms)
			SetupLoadedEditorAssemblies (615ms)
				LogAssemblyErrors (0ms)
				InitializePlatformSupportModulesInManaged (6ms)
				SetLoadedEditorAssemblies (0ms)
				RefreshPlugins (56ms)
				BeforeProcessingInitializeOnLoad (113ms)
				ProcessInitializeOnLoadAttributes (414ms)
				ProcessInitializeOnLoadMethodAttributes (19ms)
				AfterProcessingInitializeOnLoad (6ms)
				EditorAssembliesLoaded (0ms)
			ExecutionOrderSort2 (0ms)
			AwakeInstancesAfterBackupRestoration (10ms)
Platform modules already initialized, skipping
========================================================================
Worker process is ready to serve import requests
Launched and connected shader compiler UnityShaderCompiler.exe after 0.08 seconds
Refreshing native plugins compatible for Editor in 0.52 ms, found 3 plugins.
Preloading 0 native plugins for Editor in 0.00 ms.
Unloading 2091 Unused Serialized files (Serialized files now loaded: 0)
System memory in use before: 93.0 MB.
System memory in use after: 93.1 MB.

Unloading 28 unused Assets to reduce memory usage. Loaded Objects now: 2528.
Total: 3.824500 ms (FindLiveObjects: 0.228300 ms CreateObjectMapping: 0.110000 ms MarkObjects: 3.415400 ms  DeleteObjects: 0.069200 ms)

AssetImportParameters requested are different than current active one (requested -> active):
  custom:framework-win-MediaFoundation: 216162199b28c13a410421893ffa2e32 -> 
  custom:video-decoder-ogg-theora: a1e56fd34408186e4bbccfd4996cb3dc -> 
  custom:container-muxer-webm: aa71ff27fc2769a1b78a27578f13a17b -> 
  custom:container-demuxer-webm: 4f35f7cbe854078d1ac9338744f61a02 -> 
  custom:container-demuxer-ogg: 62fdf1f143b41e24485cea50d1cbac27 -> 
  custom:video-encoder-webm-vp8: eb34c28f22e8b96e1ab97ce403110664 -> 
  custom:video-codec-MediaFoundation-h265: 746d11721c4dcdbdad8f713fa42b33f4 -> 
  custom:video-decoder-webm-vp8: 9c59270c3fd7afecdb556c50c9e8de78 -> 
  custom:audio-decoder-ogg-vorbis: bf7c407c2cedff20999df2af8eb42d56 -> 
  custom:audio-encoder-webm-vorbis: bf7c407c2cedff20999df2af8eb42d56 -> 
========================================================================
Received Import Request.
  path: Assets/Scenes/Game.unity
  artifactKey: Guid(2cda990e2423bbf4892e6590ba056729) Importer(815301076,1909f56bfc062723c751e8b465ee728b)
Start importing Assets/Scenes/Game.unity using Guid(2cda990e2423bbf4892e6590ba056729) Importer(815301076,1909f56bfc062723c751e8b465ee728b)  -> (artifact id: '41b1d14b1c9cee80b6c568cc75c4166e') in 0.024835 seconds 
  Import took 0.028774 seconds .

========================================================================
Received Import Request.
  Time since last request: 4.052007 seconds.
  path: Assets
  artifactKey: Guid(00000000000000001000000000000000) Importer(815301076,1909f56bfc062723c751e8b465ee728b)
Start importing Assets using Guid(00000000000000001000000000000000) Importer(815301076,1909f56bfc062723c751e8b465ee728b)  -> (artifact id: '42d402b061de3733987d63b9cc3b64de') in 0.010010 seconds 
  Import took 0.013953 seconds .

========================================================================
Received Import Request.
  Time since last request: 16.945551 seconds.
  path: Assets/Sprit
  artifactKey: Guid(f6078f028d560e446abc72dc462fbee8) Importer(815301076,1909f56bfc062723c751e8b465ee728b)
Start importing Assets/Sprit using Guid(f6078f028d560e446abc72dc462fbee8) Importer(815301076,1909f56bfc062723c751e8b465ee728b)  -> (artifact id: 'a8b3171605cd615b4e9166d1fe620caa') in 0.010303 seconds 
  Import took 0.014920 seconds .

========================================================================
Received Import Request.
  Time since last request: 12.788619 seconds.
  path: Assets/Sprit/background.png
  artifactKey: Guid(da6b2b88b6e1fb749971bd08418d2f95) Importer(815301076,1909f56bfc062723c751e8b465ee728b)
Start importing Assets/Sprit/background.png using Guid(da6b2b88b6e1fb749971bd08418d2f95) Importer(815301076,1909f56bfc062723c751e8b465ee728b)  -> (artifact id: '7435ebc2ac2efec67e17299cad75e82f') in 0.143186 seconds 
  Import took 0.147261 seconds .

========================================================================
Received Import Request.
  Time since last request: 0.000205 seconds.
  path: Assets/Sprit/Quiz Master - Gameplay Overview 1.png
  artifactKey: Guid(aa223c1c0fdb413439865753edc7f41b) Importer(815301076,1909f56bfc062723c751e8b465ee728b)
Start importing Assets/Sprit/Quiz Master - Gameplay Overview 1.png using Guid(aa223c1c0fdb413439865753edc7f41b) Importer(815301076,1909f56bfc062723c751e8b465ee728b)  -> (artifact id: '9ba7552ebb125e56ac04c0d44117f1bc') in 0.022086 seconds 
  Import took 0.026912 seconds .

========================================================================
Received Import Request.
  Time since last request: 0.000246 seconds.
  path: Assets/Sprit/neon_square_orange.png
  artifactKey: Guid(a920086a54e037847b1c7634f82c43a1) Importer(815301076,1909f56bfc062723c751e8b465ee728b)
Start importing Assets/Sprit/neon_square_orange.png using Guid(a920086a54e037847b1c7634f82c43a1) Importer(815301076,1909f56bfc062723c751e8b465ee728b)  -> (artifact id: 'b58e47239cc15ea5cd9cf76465ec7529') in 0.025741 seconds 
  Import took 0.030732 seconds .

========================================================================
Received Import Request.
  Time since last request: 0.000224 seconds.
  path: Assets/Sprit/Quiz Master - Gameplay Overview 2.png
  artifactKey: Guid(0155ead60064c0e45b196a288c25053a) Importer(815301076,1909f56bfc062723c751e8b465ee728b)
Start importing Assets/Sprit/Quiz Master - Gameplay Overview 2.png using Guid(0155ead60064c0e45b196a288c25053a) Importer(815301076,1909f56bfc062723c751e8b465ee728b)  -> (artifact id: 'f22e6815a582641966b8606271a6e357') in 0.022445 seconds 
  Import took 0.026764 seconds .

========================================================================
Received Import Request.
  Time since last request: 0.000289 seconds.
  path: Assets/Sprit/neon_round_orange.png
  artifactKey: Guid(c3bd577c9ea18a64a9a287aba0256baa) Importer(815301076,1909f56bfc062723c751e8b465ee728b)
Start importing Assets/Sprit/neon_round_orange.png using Guid(c3bd577c9ea18a64a9a287aba0256baa) Importer(815301076,1909f56bfc062723c751e8b465ee728b)  -> (artifact id: '31b09e1f47759aacd60398cdbfab90fe') in 0.023085 seconds 
  Import took 0.027741 seconds .

========================================================================
Received Import Request.
  Time since last request: 0.000251 seconds.
  path: Assets/Sprit/Quiz Master - Gameplay Overview 3.png
  artifactKey: Guid(a21829f4d90ee9541bee159acb4b04e9) Importer(815301076,1909f56bfc062723c751e8b465ee728b)
Start importing Assets/Sprit/Quiz Master - Gameplay Overview 3.png using Guid(a21829f4d90ee9541bee159acb4b04e9) Importer(815301076,1909f56bfc062723c751e8b465ee728b)  -> (artifact id: 'cf4011d625b63f8b85778b2dd385bc0b') in 0.021275 seconds 
  Import took 0.026003 seconds .

========================================================================
Received Import Request.
  Time since last request: 0.000241 seconds.
  path: Assets/Sprit/neon_round_orange.png
  artifactKey: Guid(c3bd577c9ea18a64a9a287aba0256baa) Importer(815301076,1909f56bfc062723c751e8b465ee728b)
Start importing Assets/Sprit/neon_round_orange.png using Guid(c3bd577c9ea18a64a9a287aba0256baa) Importer(815301076,1909f56bfc062723c751e8b465ee728b)  -> (artifact id: '31b09e1f47759aacd60398cdbfab90fe') in 0.019450 seconds 
  Import took 0.024596 seconds .

========================================================================
Received Import Request.
  Time since last request: 0.000287 seconds.
  path: Assets/Sprit/neon_square_blue.png
  artifactKey: Guid(78b4d613b3074054cbb384c87af027b6) Importer(815301076,1909f56bfc062723c751e8b465ee728b)
Start importing Assets/Sprit/neon_square_blue.png using Guid(78b4d613b3074054cbb384c87af027b6) Importer(815301076,1909f56bfc062723c751e8b465ee728b)  -> (artifact id: '95352614f74885c53d71d73143437b4c') in 0.019820 seconds 
  Import took 0.024517 seconds .

========================================================================
Received Import Request.
  Time since last request: 16551.558773 seconds.
  path: Assets/TextMesh Pro/Resources/Fonts & Materials/LiberationSans SDF - Drop Shadow.mat
  artifactKey: Guid(e73a58f6e2794ae7b1b7e50b7fb811b0) Importer(815301076,1909f56bfc062723c751e8b465ee728b)
Start importing Assets/TextMesh Pro/Resources/Fonts & Materials/LiberationSans SDF - Drop Shadow.mat using Guid(e73a58f6e2794ae7b1b7e50b7fb811b0) Importer(815301076,1909f56bfc062723c751e8b465ee728b)  -> (artifact id: 'ca0d2861f60500f05bd29199894f7bb5') in 0.132254 seconds 
  Import took 0.135644 seconds .

========================================================================
Received Import Request.
  Time since last request: 0.000131 seconds.
  path: Assets/TextMesh Pro/Resources/Fonts & Materials/LiberationSans SDF - Outline.mat
  artifactKey: Guid(79459efec17a4d00a321bdcc27bbc385) Importer(815301076,1909f56bfc062723c751e8b465ee728b)
Start importing Assets/TextMesh Pro/Resources/Fonts & Materials/LiberationSans SDF - Outline.mat using Guid(79459efec17a4d00a321bdcc27bbc385) Importer(815301076,1909f56bfc062723c751e8b465ee728b)  -> (artifact id: '289988fcecf3b00d1602f8d2b589f7dd') in 0.060798 seconds 
  Import took 0.064041 seconds .

========================================================================
Received Import Request.
  Time since last request: 0.000137 seconds.
  path: Assets/TextMesh Pro/Resources/Fonts & Materials/LiberationSans SDF - Fallback.asset
  artifactKey: Guid(2e498d1c8094910479dc3e1b768306a4) Importer(815301076,1909f56bfc062723c751e8b465ee728b)
Start importing Assets/TextMesh Pro/Resources/Fonts & Materials/LiberationSans SDF - Fallback.asset using Guid(2e498d1c8094910479dc3e1b768306a4) Importer(815301076,1909f56bfc062723c751e8b465ee728b)  -> (artifact id: 'b8c2210586957436df79bf961aeff06e') in 0.061864 seconds 
  Import took 0.064609 seconds .

========================================================================
Received Import Request.
  Time since last request: 0.000169 seconds.
  path: Assets/TextMesh Pro/Resources/Fonts & Materials/LiberationSans SDF.asset
  artifactKey: Guid(8f586378b4e144a9851e7b34d9b748ee) Importer(815301076,1909f56bfc062723c751e8b465ee728b)
Start importing Assets/TextMesh Pro/Resources/Fonts & Materials/LiberationSans SDF.asset using Guid(8f586378b4e144a9851e7b34d9b748ee) Importer(815301076,1909f56bfc062723c751e8b465ee728b)  -> (artifact id: 'f1280cc7be10b532b2897fc8654f95d3') in 0.051242 seconds 
  Import took 0.054265 seconds .

========================================================================
Received Import Request.
  Time since last request: 0.000150 seconds.
  path: Assets/TextMesh Pro/Resources/Fonts & Materials/LiberationSans SDF - Fallback.asset
  artifactKey: Guid(2e498d1c8094910479dc3e1b768306a4) Importer(815301076,1909f56bfc062723c751e8b465ee728b)
Start importing Assets/TextMesh Pro/Resources/Fonts & Materials/LiberationSans SDF - Fallback.asset using Guid(2e498d1c8094910479dc3e1b768306a4) Importer(815301076,1909f56bfc062723c751e8b465ee728b)  -> (artifact id: 'b8c2210586957436df79bf961aeff06e') in 0.010023 seconds 
  Import took 0.012836 seconds .

========================================================================
Received Import Request.
  Time since last request: 0.000151 seconds.
  path: Assets/TextMesh Pro/Resources/Fonts & Materials/LiberationSans SDF.asset
  artifactKey: Guid(8f586378b4e144a9851e7b34d9b748ee) Importer(815301076,1909f56bfc062723c751e8b465ee728b)
Start importing Assets/TextMesh Pro/Resources/Fonts & Materials/LiberationSans SDF.asset using Guid(8f586378b4e144a9851e7b34d9b748ee) Importer(815301076,1909f56bfc062723c751e8b465ee728b)  -> (artifact id: 'f1280cc7be10b532b2897fc8654f95d3') in 0.030066 seconds 
  Import took 0.032884 seconds .

========================================================================
Received Import Request.
  Time since last request: 137.753273 seconds.
  path: Assets/TextMesh Pro/Fonts/LiberationSans.ttf
  artifactKey: Guid(e3265ab4bf004d28a9537516768c1c75) Importer(815301076,1909f56bfc062723c751e8b465ee728b)
Start importing Assets/TextMesh Pro/Fonts/LiberationSans.ttf using Guid(e3265ab4bf004d28a9537516768c1c75) Importer(815301076,1909f56bfc062723c751e8b465ee728b)  -> (artifact id: 'bdddd331c3f1b7826858a8d92db67e39') in 0.023525 seconds 
  Import took 0.026988 seconds .

========================================================================
Received Import Request.
  Time since last request: 4.677491 seconds.
  path: Assets/mandaly.zip
  artifactKey: Guid(cd60f61a64e476641a1de08e6cb21c75) Importer(815301076,1909f56bfc062723c751e8b465ee728b)
Start importing Assets/mandaly.zip using Guid(cd60f61a64e476641a1de08e6cb21c75) Importer(815301076,1909f56bfc062723c751e8b465ee728b)  -> (artifact id: '321909a2cf2c638e58f0bdf416a33db1') in 0.012644 seconds 
  Import took 0.015548 seconds .

========================================================================
Received Import Request.
  Time since last request: 67.605481 seconds.
  path: Assets/TextMesh Pro
  artifactKey: Guid(f54d1bd14bd3ca042bd867b519fee8cc) Importer(815301076,1909f56bfc062723c751e8b465ee728b)
Start importing Assets/TextMesh Pro using Guid(f54d1bd14bd3ca042bd867b519fee8cc) Importer(815301076,1909f56bfc062723c751e8b465ee728b)  -> (artifact id: '16b4cbde9565bf190136f1148817e1ea') in 0.006622 seconds 
  Import took 0.009624 seconds .

========================================================================
Received Import Request.
  Time since last request: 26.759873 seconds.
  path: Assets/Fonts
  artifactKey: Guid(4562f336f5828bb41921954b3434cec2) Importer(815301076,1909f56bfc062723c751e8b465ee728b)
Start importing Assets/Fonts using Guid(4562f336f5828bb41921954b3434cec2) Importer(815301076,1909f56bfc062723c751e8b465ee728b)  -> (artifact id: '44abd60fae8b8032ac143caeb8c0a842') in 0.007306 seconds 
  Import took 0.020754 seconds .

========================================================================
Received Import Request.
  Time since last request: 12.447884 seconds.
  path: Assets/Fonts/Mandaly.ttf
  artifactKey: Guid(fcab010746c9aeb4eac4d1c47fe9cbe0) Importer(815301076,1909f56bfc062723c751e8b465ee728b)
Start importing Assets/Fonts/Mandaly.ttf using Guid(fcab010746c9aeb4eac4d1c47fe9cbe0) Importer(815301076,1909f56bfc062723c751e8b465ee728b)  -> (artifact id: 'b7f6955c95968c7489313bf7bf2651bb') in 0.018410 seconds 
  Import took 0.022012 seconds .

========================================================================
Received Import Request.
  Time since last request: 149.120045 seconds.
  path: Assets/Mandaly SDF.asset
  artifactKey: Guid(cb0c6c097d462444cbfe40d6f6b86d23) Importer(815301076,1909f56bfc062723c751e8b465ee728b)
Start importing Assets/Mandaly SDF.asset using Guid(cb0c6c097d462444cbfe40d6f6b86d23) Importer(815301076,1909f56bfc062723c751e8b465ee728b) Shader 'TextMeshPro/Distance Field': fallback shader 'TextMeshPro/Mobile/Distance Field' not found
 -> (artifact id: '8ef6627911be73f3fc4043eb7954f136') in 0.049117 seconds 
  Import took 0.052422 seconds .

AssetImportWorkerClient::OnTransportError - code=2 error=End of file
